<?xml version="1.0" encoding="UTF-8"?>
<testsuite name="com.example.di.fouliex.workingwithdagger.ExampleUnitTest" tests="1" skipped="0" failures="0" errors="0" timestamp="2017-02-11T20:42:49" hostname="DESKTOP-G6KQJV3" time="0.0">
  <properties/>
  <testcase name="addition_isCorrect" classname="com.example.di.fouliex.workingwithdagger.ExampleUnitTest" time="0.0"/>
  <system-out><![CDATA[]]></system-out>
  <system-err><![CDATA[]]></system-err>
</testsuite>
