<?xml version="1.0" encoding="UTF-8"?>
<testsuite name="com.example.di.fouliex.workingwithdagger.ExampleUnitTest" tests="1" skipped="0" failures="0" errors="0" timestamp="2017-02-11T00:24:53" hostname="SFO1212361198M" time="0.001">
  <properties/>
  <testcase name="addition_isCorrect" classname="com.example.di.fouliex.workingwithdagger.ExampleUnitTest" time="0.001"/>
  <system-out><![CDATA[]]></system-out>
  <system-err><![CDATA[]]></system-err>
</testsuite>
